#
# There is insufficient memory for the Java Runtime Environment to continue.
# Native memory allocation (malloc) failed to allocate 1048576 bytes for AllocateHeap
# Possible reasons:
#   The system is out of physical RAM or swap space
#   The process is running with CompressedOops enabled, and the Java Heap may be blocking the growth of the native heap
# Possible solutions:
#   Reduce memory load on the system
#   Increase physical memory or swap space
#   Check if swap backing store is full
#   Decrease Java heap size (-Xmx/-Xms)
#   Decrease number of Java threads
#   Decrease Java thread stack sizes (-Xss)
#   Set larger code cache with -XX:ReservedCodeCacheSize=
#   JVM is running with Unscaled Compressed Oops mode in which the Java heap is
#     placed in the first 4GB address space. The Java Heap base address is the
#     maximum limit for the native heap growth. Please use -XX:HeapBaseMinAddress
#     to set the Java Heap base and to place the Java Heap above 4GB virtual address.
# This output file may be truncated or incomplete.
#
#  Out of Memory Error (t:/workspace/open/src/hotspot/share/memory/allocation.cpp:46), pid=12976, tid=5344
#
# JRE version:  (12.0.2+10) (build )
# Java VM: Java HotSpot(TM) 64-Bit Server VM (12.0.2+10, mixed mode, aot, sharing, tiered, compressed oops, g1 gc, windows-amd64)
# No core dump will be written. Minidumps are not enabled by default on client versions of Windows
#

---------------  S U M M A R Y ------------

Command Line: --enable-preview -Dfile.encoding=UTF-8 Cylinder

Host: Intel(R) Core(TM) i5-8250U CPU @ 1.60GHz, 8 cores, 3G,  Windows 10 , 64 bit Build 18362 (10.0.18362.329)
Time: Tue Oct  8 17:43:37 2019 SE Asia Standard Time elapsed time: 0 seconds (0d 0h 0m 0s)

---------------  T H R E A D  ---------------

Current thread (0x0000023844155800):  JavaThread "Unknown thread" [_thread_in_vm, id=5344, stack(0x0000003845700000,0x0000003845800000)]

Stack: [0x0000003845700000,0x0000003845800000]
Native frames: (J=compiled Java code, j=interpreted, Vv=VM code, C=native code)
V  [jvm.dll+0x63aa2a]
V  [jvm.dll+0x78ce1e]
V  [jvm.dll+0x78e4c1]
V  [jvm.dll+0x78eb13]
V  [jvm.dll+0x2627e8]
V  [jvm.dll+0xbcabf]
V  [jvm.dll+0x2f3f29]
V  [jvm.dll+0x2ea907]
V  [jvm.dll+0x767257]
V  [jvm.dll+0x7689f5]
V  [jvm.dll+0x380059]
V  [jvm.dll+0x74b794]
V  [jvm.dll+0x3ef5cd]
V  [jvm.dll+0x3f1471]
C  [jli.dll+0x51cf]
C  [ucrtbase.dll+0x1d9f2]
C  [KERNEL32.DLL+0x17bd4]
C  [ntdll.dll+0x6cee1]


---------------  P R O C E S S  ---------------

Threads class SMR info:
_java_thread_list=0x00007ffe32ed7928, length=0, elements={
}

Java Threads: ( => current thread )

Other Threads:

[error occurred during error reporting (printing all threads), id 0xc0000005, EXCEPTION_ACCESS_VIOLATION (0xc0000005) at pc=0x00007ffe32b504c7]

VM state:not at safepoint (not fully initialized)

VM Mutex/Monitor currently owned by a thread: None


[error occurred during error reporting (printing compressed oops mode), id 0xc0000005, EXCEPTION_ACCESS_VIOLATION (0xc0000005) at pc=0x00007ffe32b68097]

GC Heap History (0 events):
No events

Deoptimization events (0 events):
No events

Classes redefined (0 events):
No events

Internal exceptions (0 events):
No events

Events (0 events):
No events


Dynamic libraries:
0x00007ff78d910000 - 0x00007ff78d91f000 	C:\Program Files\Java\jdk-12.0.2\bin\java.exe
0x00007ffe72020000 - 0x00007ffe72210000 	C:\WINDOWS\SYSTEM32\ntdll.dll
0x00007ffe71e40000 - 0x00007ffe71ef2000 	C:\WINDOWS\System32\KERNEL32.DLL
0x00007ffe6f980000 - 0x00007ffe6fc23000 	C:\WINDOWS\System32\KERNELBASE.dll
0x00007ffe6fce0000 - 0x00007ffe6fdda000 	C:\WINDOWS\System32\ucrtbase.dll
0x00007ffe5ad30000 - 0x00007ffe5ad46000 	C:\Program Files\Java\jdk-12.0.2\bin\VCRUNTIME140.dll
0x00007ffe5cd50000 - 0x00007ffe5cd68000 	C:\Program Files\Java\jdk-12.0.2\bin\jli.dll
0x00007ffe71d10000 - 0x00007ffe71db3000 	C:\WINDOWS\System32\ADVAPI32.dll
0x00007ffe71f10000 - 0x00007ffe71fae000 	C:\WINDOWS\System32\msvcrt.dll
0x00007ffe70930000 - 0x00007ffe709c7000 	C:\WINDOWS\System32\sechost.dll
0x00007ffe71190000 - 0x00007ffe712b0000 	C:\WINDOWS\System32\RPCRT4.dll
0x00007ffe70730000 - 0x00007ffe708c3000 	C:\WINDOWS\System32\USER32.dll
0x00007ffe70070000 - 0x00007ffe70091000 	C:\WINDOWS\System32\win32u.dll
0x00007ffe58750000 - 0x00007ffe589d5000 	C:\WINDOWS\WinSxS\amd64_microsoft.windows.common-controls_6595b64144ccf1df_6.0.18362.356_none_e6c4af7d130f27cc\COMCTL32.dll
0x00007ffe706c0000 - 0x00007ffe706e6000 	C:\WINDOWS\System32\GDI32.dll
0x00007ffe709d0000 - 0x00007ffe70d06000 	C:\WINDOWS\System32\combase.dll
0x00007ffe6fe30000 - 0x00007ffe6ffc4000 	C:\WINDOWS\System32\gdi32full.dll
0x00007ffe6f8a0000 - 0x00007ffe6f920000 	C:\WINDOWS\System32\bcryptPrimitives.dll
0x00007ffe6ffd0000 - 0x00007ffe7006e000 	C:\WINDOWS\System32\msvcp_win.dll
0x00007ffe61c90000 - 0x00007ffe61c9a000 	C:\WINDOWS\SYSTEM32\VERSION.dll
0x00007ffe706f0000 - 0x00007ffe7071e000 	C:\WINDOWS\System32\IMM32.DLL
0x00007ffe45640000 - 0x00007ffe456ea000 	C:\Program Files\Java\jdk-12.0.2\bin\msvcp140.dll
0x00007ffe32400000 - 0x00007ffe32f77000 	C:\Program Files\Java\jdk-12.0.2\bin\server\jvm.dll
0x00007ffe70720000 - 0x00007ffe70728000 	C:\WINDOWS\System32\PSAPI.DLL
0x00007ffe68dd0000 - 0x00007ffe68dd9000 	C:\WINDOWS\SYSTEM32\WSOCK32.dll
0x00007ffe67be0000 - 0x00007ffe67c04000 	C:\WINDOWS\SYSTEM32\WINMM.dll
0x00007ffe712b0000 - 0x00007ffe7131f000 	C:\WINDOWS\System32\WS2_32.dll
0x00007ffe67bb0000 - 0x00007ffe67bdd000 	C:\WINDOWS\SYSTEM32\winmmbase.dll
0x00007ffe6fde0000 - 0x00007ffe6fe2a000 	C:\WINDOWS\System32\cfgmgr32.dll
0x00007ffe6eed0000 - 0x00007ffe6eee1000 	C:\WINDOWS\System32\kernel.appcore.dll
0x00007ffe5a220000 - 0x00007ffe5a231000 	C:\Program Files\Java\jdk-12.0.2\bin\verify.dll
0x00007ffe6d760000 - 0x00007ffe6d954000 	C:\WINDOWS\SYSTEM32\DBGHELP.DLL
0x00007ffe5dbd0000 - 0x00007ffe5dbfa000 	C:\WINDOWS\SYSTEM32\dbgcore.DLL
0x00007ffe58cd0000 - 0x00007ffe58cf6000 	C:\Program Files\Java\jdk-12.0.2\bin\java.dll
0x00007ffe58b10000 - 0x00007ffe58b27000 	C:\Program Files\Java\jdk-12.0.2\bin\zip.dll
0x00007ffe67ce0000 - 0x00007ffe67cea000 	C:\Program Files\Java\jdk-12.0.2\bin\jimage.dll

dbghelp: loaded successfully - version: 4.0.5 - missing functions: none
symbol engine: initialized successfully - sym options: 0x614 - pdb path: .;C:\Program Files\Java\jdk-12.0.2\bin;C:\WINDOWS\SYSTEM32;C:\WINDOWS\WinSxS\amd64_microsoft.windows.common-controls_6595b64144ccf1df_6.0.18362.356_none_e6c4af7d130f27cc;C:\Program Files\Java\jdk-12.0.2\bin\server

VM Arguments:
jvm_args: --enable-preview -Dfile.encoding=UTF-8 
java_command: Cylinder
java_class_path (initial): C:\Users\USER\AppData\Roaming\Code\User\workspaceStorage\a4b75ff789fa90b20223bd99bca69418\redhat.java\jdt_ws\jdt.ls-java-project\bin
Launcher Type: SUN_STANDARD

[Global flags]
     intx CICompilerCount                          = 4                                         {product} {ergonomic}
     uint G1ConcRefinementThreads                  = 8                                         {product} {ergonomic}
   size_t G1HeapRegionSize                         = 1048576                                   {product} {ergonomic}
    uintx GCDrainStackTargetSize                   = 64                                        {product} {ergonomic}
   size_t InitialHeapSize                          = 65011712                                  {product} {ergonomic}
   size_t MaxHeapSize                              = 1012924416                                {product} {ergonomic}
   size_t MinHeapDeltaBytes                        = 1048576                                   {product} {ergonomic}
    uintx NonNMethodCodeHeapSize                   = 5836300                                {pd product} {ergonomic}
    uintx NonProfiledCodeHeapSize                  = 122910970                              {pd product} {ergonomic}
    uintx ProfiledCodeHeapSize                     = 122910970                              {pd product} {ergonomic}
    uintx ReservedCodeCacheSize                    = 251658240                              {pd product} {ergonomic}
     bool SegmentedCodeCache                       = true                                      {product} {ergonomic}
     bool UseCompressedClassPointers               = true                                 {lp64_product} {ergonomic}
     bool UseCompressedOops                        = true                                 {lp64_product} {ergonomic}
     bool UseG1GC                                  = true                                      {product} {ergonomic}
     bool UseLargePagesIndividualAllocation        = false                                  {pd product} {ergonomic}

Logging:
Log output configuration:
 #0: stdout all=warning uptime,level,tags
 #1: stderr all=off uptime,level,tags

Environment Variables:
PATH=C:\WINDOWS\system32;C:\WINDOWS;C:\WINDOWS\System32\Wbem;C:\WINDOWS\System32\WindowsPowerShell\v1.0\;C:\WINDOWS\System32\OpenSSH\;C:\Program Files\dotnet\;C:\Users\USER\AppData\Local\Microsoft\WindowsApps;C:\Users\USER\AppData\Local\Programs\Microsoft VS Code\bin;C:\Program Files\Java\jdk-12.0.2\bin;
USERNAME=USER
OS=Windows_NT
PROCESSOR_IDENTIFIER=Intel64 Family 6 Model 142 Stepping 10, GenuineIntel



---------------  S Y S T E M  ---------------

OS: Windows 10 , 64 bit Build 18362 (10.0.18362.329)

CPU:total 8 (initial active 8) (4 cores per cpu, 2 threads per core) family 6 model 142 stepping 10, cmov, cx8, fxsr, mmx, sse, sse2, sse3, ssse3, sse4.1, sse4.2, popcnt, avx, avx2, aes, clmul, erms, 3dnowpref, lzcnt, ht, tsc, tscinvbit, bmi1, bmi2, adx, fma

Memory: 4k page, system-wide physical 3858M (427M free)
TotalPageFile size 5236M (AvailPageFile size 10M)
current process WorkingSet (physical memory assigned to process): 9M, peak: 9M
current process commit charge ("private bytes"): 16M, peak: 17M

vm_info: Java HotSpot(TM) 64-Bit Server VM (12.0.2+10) for windows-amd64 JRE (12.0.2+10), built on Jul 16 2019 01:56:17 by "mach5one" with MS VC++ 15.5 (VS2017)

END.
